<?xml version="1.0" encoding="UTF-8"?>
<testsuite name="co.id.gpay.wallet.WalletServiceApplicationTests" tests="1" skipped="0" failures="0" errors="0" timestamp="2026-02-14T20:45:00.332Z" hostname="LAPTOP-474SFKO9" time="0.455">
  <properties/>
  <testcase name="contextLoads()" classname="co.id.gpay.wallet.WalletServiceApplicationTests" time="0.455"/>
  <system-out><![CDATA[03:44:53.358 [Test worker] INFO org.springframework.test.context.support.AnnotationConfigContextLoaderUtils -- Could not detect default configuration classes for test class [co.id.gpay.wallet.WalletServiceApplicationTests]: WalletServiceApplicationTests does not declare any static, non-private, non-final, nested classes annotated with @Configuration.
03:44:53.546 [Test worker] INFO org.springframework.boot.test.context.SpringBootTestContextBootstrapper -- Found @SpringBootConfiguration co.id.gpay.wallet.WalletServiceApplication for test class co.id.gpay.wallet.WalletServiceApplicationTests

  .   ____          _            __ _ _
 /\\ / ___'_ __ _ _(_)_ __  __ _ \ \ \ \
( ( )\___ | '_ | '_| | '_ \/ _` | \ \ \ \
 \\/  ___)| |_)| | | | | || (_| |  ) ) ) )
  '  |____| .__|_| |_|_| |_\__, | / / / /
 =========|_|==============|___/=/_/_/_/

 :: Spring Boot ::               (v3.5.10)

2026-02-15T03:44:54.180+07:00  INFO 27608 --- [wallet-service] [    Test worker] c.i.g.w.WalletServiceApplicationTests    : Starting WalletServiceApplicationTests using Java 17.0.15 with PID 27608 (started by Dhimas Panji in C:\Users\Dhimas Panji\Documents\Dhimas\Workspace\wallet-service)
2026-02-15T03:44:54.184+07:00  INFO 27608 --- [wallet-service] [    Test worker] c.i.g.w.WalletServiceApplicationTests    : No active profile set, falling back to 1 default profile: "default"
2026-02-15T03:44:55.124+07:00  INFO 27608 --- [wallet-service] [    Test worker] .s.d.r.c.RepositoryConfigurationDelegate : Bootstrapping Spring Data JPA repositories in DEFAULT mode.
2026-02-15T03:44:55.223+07:00  INFO 27608 --- [wallet-service] [    Test worker] .s.d.r.c.RepositoryConfigurationDelegate : Finished Spring Data repository scanning in 85 ms. Found 3 JPA repository interfaces.
2026-02-15T03:44:56.158+07:00  INFO 27608 --- [wallet-service] [    Test worker] com.zaxxer.hikari.HikariDataSource       : HikariPool-1 - Starting...
2026-02-15T03:44:56.413+07:00  INFO 27608 --- [wallet-service] [    Test worker] com.zaxxer.hikari.pool.HikariPool        : HikariPool-1 - Added connection org.postgresql.jdbc.PgConnection@21b744ec
2026-02-15T03:44:56.416+07:00  INFO 27608 --- [wallet-service] [    Test worker] com.zaxxer.hikari.HikariDataSource       : HikariPool-1 - Start completed.
2026-02-15T03:44:56.491+07:00  INFO 27608 --- [wallet-service] [    Test worker] org.flywaydb.core.FlywayExecutor         : Database: jdbc:postgresql://localhost:5432/gpay?currentSchema=gpay_wallet (PostgreSQL 15.13)
2026-02-15T03:44:56.559+07:00  INFO 27608 --- [wallet-service] [    Test worker] o.f.core.internal.command.DbValidate     : Successfully validated 1 migration (execution time 00:00.041s)
2026-02-15T03:44:56.597+07:00  INFO 27608 --- [wallet-service] [    Test worker] o.f.core.internal.command.DbMigrate      : Current version of schema "gpay_wallet": 1
2026-02-15T03:44:56.600+07:00  INFO 27608 --- [wallet-service] [    Test worker] o.f.core.internal.command.DbMigrate      : Schema "gpay_wallet" is up to date. No migration necessary.
2026-02-15T03:44:56.795+07:00  INFO 27608 --- [wallet-service] [    Test worker] o.hibernate.jpa.internal.util.LogHelper  : HHH000204: Processing PersistenceUnitInfo [name: default]
2026-02-15T03:44:56.872+07:00  INFO 27608 --- [wallet-service] [    Test worker] org.hibernate.Version                    : HHH000412: Hibernate ORM core version 6.6.41.Final
2026-02-15T03:44:56.917+07:00  INFO 27608 --- [wallet-service] [    Test worker] o.h.c.internal.RegionFactoryInitiator    : HHH000026: Second-level cache disabled
2026-02-15T03:44:57.294+07:00  INFO 27608 --- [wallet-service] [    Test worker] o.s.o.j.p.SpringPersistenceUnitInfo      : No LoadTimeWeaver setup: ignoring JPA class transformer
2026-02-15T03:44:57.382+07:00  INFO 27608 --- [wallet-service] [    Test worker] org.hibernate.orm.connections.pooling    : HHH10001005: Database info:
	Database JDBC URL [Connecting through datasource 'HikariDataSource (HikariPool-1)']
	Database driver: undefined/unknown
	Database version: 15.13
	Autocommit mode: undefined/unknown
	Isolation level: undefined/unknown
	Minimum pool size: undefined/unknown
	Maximum pool size: undefined/unknown
2026-02-15T03:44:58.374+07:00  INFO 27608 --- [wallet-service] [    Test worker] o.h.e.t.j.p.i.JtaPlatformInitiator       : HHH000489: No JTA platform available (set 'hibernate.transaction.jta.platform' to enable JTA platform integration)
2026-02-15T03:44:58.413+07:00  INFO 27608 --- [wallet-service] [    Test worker] j.LocalContainerEntityManagerFactoryBean : Initialized JPA EntityManagerFactory for persistence unit 'default'
2026-02-15T03:44:58.768+07:00  INFO 27608 --- [wallet-service] [    Test worker] o.s.d.j.r.query.QueryEnhancerFactory     : Hibernate is in classpath; If applicable, HQL parser will be used.
2026-02-15T03:44:59.760+07:00  WARN 27608 --- [wallet-service] [    Test worker] JpaBaseConfiguration$JpaWebConfiguration : spring.jpa.open-in-view is enabled by default. Therefore, database queries may be performed during view rendering. Explicitly configure spring.jpa.open-in-view to disable this warning
2026-02-15T03:45:00.309+07:00  INFO 27608 --- [wallet-service] [    Test worker] c.i.g.w.WalletServiceApplicationTests    : Started WalletServiceApplicationTests in 6.568 seconds (process running for 8.478)
]]></system-out>
  <system-err><![CDATA[]]></system-err>
</testsuite>
